{"total": {"lines":{"total":120,"covered":45,"skipped":0,"pct":37.5},"statements":{"total":120,"covered":45,"skipped":0,"pct":37.5},"functions":{"total":12,"covered":1,"skipped":0,"pct":8.33},"branches":{"total":62,"covered":1,"skipped":0,"pct":1.61}}
,"/home/aurelie_tudare/www/front/shared/constants/config.js": {"lines":{"total":33,"covered":33,"skipped":0,"pct":100},"functions":{"total":0,"covered":0,"skipped":0,"pct":100},"statements":{"total":33,"covered":33,"skipped":0,"pct":100},"branches":{"total":0,"covered":0,"skipped":0,"pct":100}}
,"/home/aurelie_tudare/www/front/shared/helpers/date.js": {"lines":{"total":87,"covered":12,"skipped":0,"pct":13.79},"functions":{"total":12,"covered":1,"skipped":0,"pct":8.33},"statements":{"total":87,"covered":12,"skipped":0,"pct":13.79},"branches":{"total":62,"covered":1,"skipped":0,"pct":1.61}}
}
