{"/home/aurelie_tudare/www/front/shared/constants/config.js": {"path":"/home/aurelie_tudare/www/front/shared/constants/config.js","statementMap":{"0":{"start":{"line":4,"column":37},"end":{"line":4,"column":51}},"1":{"start":{"line":5,"column":24},"end":{"line":5,"column":36}},"2":{"start":{"line":7,"column":2},"end":{"line":7,"column":76}},"3":{"start":{"line":9,"column":32},"end":{"line":9,"column":36}},"4":{"start":{"line":10,"column":31},"end":{"line":10,"column":35}},"5":{"start":{"line":11,"column":28},"end":{"line":11,"column":32}},"6":{"start":{"line":13,"column":30},"end":{"line":13,"column":39}},"7":{"start":{"line":14,"column":29},"end":{"line":14,"column":37}},"8":{"start":{"line":16,"column":30},"end":{"line":16,"column":33}},"9":{"start":{"line":18,"column":35},"end":{"line":18,"column":69}},"10":{"start":{"line":19,"column":24},"end":{"line":19,"column":44}},"11":{"start":{"line":20,"column":25},"end":{"line":20,"column":46}},"12":{"start":{"line":23,"column":29},"end":{"line":23,"column":47}},"13":{"start":{"line":24,"column":32},"end":{"line":24,"column":53}},"14":{"start":{"line":25,"column":41},"end":{"line":25,"column":61}},"15":{"start":{"line":26,"column":36},"end":{"line":26,"column":74}},"16":{"start":{"line":27,"column":36},"end":{"line":27,"column":52}},"17":{"start":{"line":28,"column":32},"end":{"line":28,"column":45}},"18":{"start":{"line":29,"column":36},"end":{"line":29,"column":74}},"19":{"start":{"line":30,"column":41},"end":{"line":30,"column":61}},"20":{"start":{"line":31,"column":35},"end":{"line":31,"column":44}},"21":{"start":{"line":32,"column":35},"end":{"line":32,"column":59}},"22":{"start":{"line":35,"column":30},"end":{"line":35,"column":79}},"23":{"start":{"line":36,"column":30},"end":{"line":36,"column":79}},"24":{"start":{"line":37,"column":30},"end":{"line":37,"column":79}},"25":{"start":{"line":38,"column":32},"end":{"line":38,"column":71}},"26":{"start":{"line":39,"column":32},"end":{"line":39,"column":71}},"27":{"start":{"line":40,"column":31},"end":{"line":40,"column":63}},"28":{"start":{"line":41,"column":31},"end":{"line":41,"column":63}},"29":{"start":{"line":42,"column":31},"end":{"line":42,"column":63}},"30":{"start":{"line":43,"column":32},"end":{"line":43,"column":78}},"31":{"start":{"line":44,"column":32},"end":{"line":44,"column":78}},"32":{"start":{"line":45,"column":32},"end":{"line":45,"column":75}}},"fnMap":{},"branchMap":{},"s":{"0":2,"1":2,"2":2,"3":2,"4":2,"5":2,"6":2,"7":2,"8":2,"9":2,"10":2,"11":2,"12":2,"13":2,"14":2,"15":2,"16":2,"17":2,"18":2,"19":2,"20":2,"21":2,"22":2,"23":2,"24":2,"25":2,"26":2,"27":2,"28":2,"29":2,"30":2,"31":2,"32":2},"f":{},"b":{},"_coverageSchema":"1a1c01bbd47fc00a2c39e90264f33305004495a9","hash":"fc89681fc9ca489cbe48810429a480fac79e7db6"}
,"/home/aurelie_tudare/www/front/shared/helpers/date.js": {"path":"/home/aurelie_tudare/www/front/shared/helpers/date.js","statementMap":{"0":{"start":{"line":9,"column":15},"end":{"line":9,"column":19}},"1":{"start":{"line":11,"column":37},"end":{"line":19,"column":1}},"2":{"start":{"line":12,"column":2},"end":{"line":14,"column":3}},"3":{"start":{"line":13,"column":4},"end":{"line":13,"column":16}},"4":{"start":{"line":16,"column":20},"end":{"line":16,"column":58}},"5":{"start":{"line":18,"column":2},"end":{"line":18,"column":30}},"6":{"start":{"line":21,"column":37},"end":{"line":43,"column":1}},"7":{"start":{"line":22,"column":2},"end":{"line":24,"column":3}},"8":{"start":{"line":23,"column":4},"end":{"line":23,"column":14}},"9":{"start":{"line":26,"column":16},"end":{"line":26,"column":26}},"10":{"start":{"line":27,"column":20},"end":{"line":27,"column":41}},"11":{"start":{"line":29,"column":2},"end":{"line":31,"column":3}},"12":{"start":{"line":30,"column":4},"end":{"line":30,"column":14}},"13":{"start":{"line":33,"column":12},"end":{"line":33,"column":57}},"14":{"start":{"line":34,"column":21},"end":{"line":34,"column":60}},"15":{"start":{"line":35,"column":2},"end":{"line":40,"column":3}},"16":{"start":{"line":39,"column":4},"end":{"line":39,"column":13}},"17":{"start":{"line":42,"column":2},"end":{"line":42,"column":24}},"18":{"start":{"line":50,"column":28},"end":{"line":63,"column":1}},"19":{"start":{"line":51,"column":2},"end":{"line":53,"column":3}},"20":{"start":{"line":52,"column":4},"end":{"line":52,"column":16}},"21":{"start":{"line":54,"column":14},"end":{"line":54,"column":37}},"22":{"start":{"line":55,"column":16},"end":{"line":55,"column":26}},"23":{"start":{"line":57,"column":2},"end":{"line":59,"column":3}},"24":{"start":{"line":58,"column":4},"end":{"line":58,"column":23}},"25":{"start":{"line":60,"column":16},"end":{"line":60,"column":41}},"26":{"start":{"line":62,"column":2},"end":{"line":62,"column":39}},"27":{"start":{"line":65,"column":26},"end":{"line":90,"column":1}},"28":{"start":{"line":74,"column":16},"end":{"line":74,"column":26}},"29":{"start":{"line":75,"column":26},"end":{"line":75,"column":64}},"30":{"start":{"line":78,"column":2},"end":{"line":80,"column":3}},"31":{"start":{"line":79,"column":4},"end":{"line":79,"column":55}},"32":{"start":{"line":82,"column":25},"end":{"line":82,"column":73}},"33":{"start":{"line":83,"column":21},"end":{"line":83,"column":62}},"34":{"start":{"line":85,"column":2},"end":{"line":87,"column":3}},"35":{"start":{"line":86,"column":4},"end":{"line":86,"column":16}},"36":{"start":{"line":89,"column":2},"end":{"line":89,"column":15}},"37":{"start":{"line":96,"column":4},"end":{"line":98,"column":5}},"38":{"start":{"line":97,"column":6},"end":{"line":97,"column":22}},"39":{"start":{"line":100,"column":4},"end":{"line":100,"column":30}},"40":{"start":{"line":104,"column":4},"end":{"line":104,"column":30}},"41":{"start":{"line":108,"column":4},"end":{"line":108,"column":26}},"42":{"start":{"line":112,"column":4},"end":{"line":114,"column":5}},"43":{"start":{"line":113,"column":6},"end":{"line":113,"column":18}},"44":{"start":{"line":116,"column":23},"end":{"line":116,"column":37}},"45":{"start":{"line":117,"column":4},"end":{"line":119,"column":5}},"46":{"start":{"line":118,"column":6},"end":{"line":118,"column":18}},"47":{"start":{"line":121,"column":4},"end":{"line":121,"column":34}},"48":{"start":{"line":123,"column":4},"end":{"line":123,"column":45}},"49":{"start":{"line":127,"column":4},"end":{"line":129,"column":5}},"50":{"start":{"line":128,"column":6},"end":{"line":128,"column":18}},"51":{"start":{"line":131,"column":26},"end":{"line":131,"column":36}},"52":{"start":{"line":132,"column":26},"end":{"line":132,"column":43}},"53":{"start":{"line":133,"column":4},"end":{"line":138,"column":5}},"54":{"start":{"line":137,"column":6},"end":{"line":137,"column":18}},"55":{"start":{"line":140,"column":4},"end":{"line":140,"column":34}},"56":{"start":{"line":142,"column":26},"end":{"line":142,"column":47}},"57":{"start":{"line":143,"column":26},"end":{"line":143,"column":47}},"58":{"start":{"line":145,"column":4},"end":{"line":145,"column":53}},"59":{"start":{"line":149,"column":23},"end":{"line":159,"column":1}},"60":{"start":{"line":150,"column":2},"end":{"line":152,"column":3}},"61":{"start":{"line":151,"column":4},"end":{"line":151,"column":16}},"62":{"start":{"line":153,"column":15},"end":{"line":153,"column":35}},"63":{"start":{"line":154,"column":2},"end":{"line":156,"column":3}},"64":{"start":{"line":155,"column":4},"end":{"line":155,"column":16}},"65":{"start":{"line":158,"column":2},"end":{"line":158,"column":14}},"66":{"start":{"line":161,"column":30},"end":{"line":179,"column":1}},"67":{"start":{"line":165,"column":16},"end":{"line":165,"column":42}},"68":{"start":{"line":166,"column":16},"end":{"line":166,"column":42}},"69":{"start":{"line":168,"column":2},"end":{"line":170,"column":3}},"70":{"start":{"line":169,"column":4},"end":{"line":169,"column":13}},"71":{"start":{"line":171,"column":2},"end":{"line":173,"column":3}},"72":{"start":{"line":172,"column":4},"end":{"line":172,"column":13}},"73":{"start":{"line":174,"column":2},"end":{"line":176,"column":3}},"74":{"start":{"line":175,"column":4},"end":{"line":175,"column":14}},"75":{"start":{"line":178,"column":2},"end":{"line":178,"column":23}},"76":{"start":{"line":181,"column":34},"end":{"line":199,"column":1}},"77":{"start":{"line":185,"column":16},"end":{"line":185,"column":35}},"78":{"start":{"line":186,"column":16},"end":{"line":186,"column":35}},"79":{"start":{"line":188,"column":2},"end":{"line":190,"column":3}},"80":{"start":{"line":189,"column":4},"end":{"line":189,"column":13}},"81":{"start":{"line":191,"column":2},"end":{"line":193,"column":3}},"82":{"start":{"line":192,"column":4},"end":{"line":192,"column":13}},"83":{"start":{"line":194,"column":2},"end":{"line":196,"column":3}},"84":{"start":{"line":195,"column":4},"end":{"line":195,"column":14}},"85":{"start":{"line":198,"column":2},"end":{"line":198,"column":23}},"86":{"start":{"line":201,"column":26},"end":{"line":201,"column":67}}},"fnMap":{"0":{"name":"(anonymous_0)","decl":{"start":{"line":11,"column":37},"end":{"line":11,"column":38}},"loc":{"start":{"line":11,"column":59},"end":{"line":19,"column":1}},"line":11},"1":{"name":"(anonymous_1)","decl":{"start":{"line":21,"column":37},"end":{"line":21,"column":38}},"loc":{"start":{"line":21,"column":62},"end":{"line":43,"column":1}},"line":21},"2":{"name":"(anonymous_2)","decl":{"start":{"line":50,"column":28},"end":{"line":50,"column":29}},"loc":{"start":{"line":50,"column":58},"end":{"line":63,"column":1}},"line":50},"3":{"name":"(anonymous_3)","decl":{"start":{"line":65,"column":26},"end":{"line":65,"column":27}},"loc":{"start":{"line":73,"column":5},"end":{"line":90,"column":1}},"line":73},"4":{"name":"(anonymous_4)","decl":{"start":{"line":95,"column":2},"end":{"line":95,"column":3}},"loc":{"start":{"line":95,"column":32},"end":{"line":101,"column":3}},"line":95},"5":{"name":"(anonymous_5)","decl":{"start":{"line":103,"column":2},"end":{"line":103,"column":3}},"loc":{"start":{"line":103,"column":33},"end":{"line":105,"column":3}},"line":103},"6":{"name":"(anonymous_6)","decl":{"start":{"line":107,"column":2},"end":{"line":107,"column":3}},"loc":{"start":{"line":107,"column":17},"end":{"line":109,"column":3}},"line":107},"7":{"name":"(anonymous_7)","decl":{"start":{"line":111,"column":2},"end":{"line":111,"column":3}},"loc":{"start":{"line":111,"column":60},"end":{"line":124,"column":3}},"line":111},"8":{"name":"(anonymous_8)","decl":{"start":{"line":126,"column":2},"end":{"line":126,"column":3}},"loc":{"start":{"line":126,"column":44},"end":{"line":146,"column":3}},"line":126},"9":{"name":"(anonymous_9)","decl":{"start":{"line":149,"column":23},"end":{"line":149,"column":24}},"loc":{"start":{"line":149,"column":48},"end":{"line":159,"column":1}},"line":149},"10":{"name":"(anonymous_10)","decl":{"start":{"line":161,"column":30},"end":{"line":161,"column":31}},"loc":{"start":{"line":164,"column":5},"end":{"line":179,"column":1}},"line":164},"11":{"name":"(anonymous_11)","decl":{"start":{"line":181,"column":34},"end":{"line":181,"column":35}},"loc":{"start":{"line":184,"column":5},"end":{"line":199,"column":1}},"line":184}},"branchMap":{"0":{"loc":{"start":{"line":11,"column":38},"end":{"line":11,"column":54}},"type":"default-arg","locations":[{"start":{"line":11,"column":52},"end":{"line":11,"column":54}}],"line":11},"1":{"loc":{"start":{"line":12,"column":2},"end":{"line":14,"column":3}},"type":"if","locations":[{"start":{"line":12,"column":2},"end":{"line":14,"column":3}},{"start":{"line":12,"column":2},"end":{"line":14,"column":3}}],"line":12},"2":{"loc":{"start":{"line":22,"column":2},"end":{"line":24,"column":3}},"type":"if","locations":[{"start":{"line":22,"column":2},"end":{"line":24,"column":3}},{"start":{"line":22,"column":2},"end":{"line":24,"column":3}}],"line":22},"3":{"loc":{"start":{"line":29,"column":2},"end":{"line":31,"column":3}},"type":"if","locations":[{"start":{"line":29,"column":2},"end":{"line":31,"column":3}},{"start":{"line":29,"column":2},"end":{"line":31,"column":3}}],"line":29},"4":{"loc":{"start":{"line":35,"column":2},"end":{"line":40,"column":3}},"type":"if","locations":[{"start":{"line":35,"column":2},"end":{"line":40,"column":3}},{"start":{"line":35,"column":2},"end":{"line":40,"column":3}}],"line":35},"5":{"loc":{"start":{"line":36,"column":4},"end":{"line":37,"column":63}},"type":"binary-expr","locations":[{"start":{"line":36,"column":4},"end":{"line":36,"column":18}},{"start":{"line":37,"column":5},"end":{"line":37,"column":21}},{"start":{"line":37,"column":25},"end":{"line":37,"column":62}}],"line":36},"6":{"loc":{"start":{"line":51,"column":2},"end":{"line":53,"column":3}},"type":"if","locations":[{"start":{"line":51,"column":2},"end":{"line":53,"column":3}},{"start":{"line":51,"column":2},"end":{"line":53,"column":3}}],"line":51},"7":{"loc":{"start":{"line":57,"column":2},"end":{"line":59,"column":3}},"type":"if","locations":[{"start":{"line":57,"column":2},"end":{"line":59,"column":3}},{"start":{"line":57,"column":2},"end":{"line":59,"column":3}}],"line":57},"8":{"loc":{"start":{"line":62,"column":9},"end":{"line":62,"column":38}},"type":"binary-expr","locations":[{"start":{"line":62,"column":9},"end":{"line":62,"column":23}},{"start":{"line":62,"column":27},"end":{"line":62,"column":38}}],"line":62},"9":{"loc":{"start":{"line":78,"column":2},"end":{"line":80,"column":3}},"type":"if","locations":[{"start":{"line":78,"column":2},"end":{"line":80,"column":3}},{"start":{"line":78,"column":2},"end":{"line":80,"column":3}}],"line":78},"10":{"loc":{"start":{"line":82,"column":25},"end":{"line":82,"column":73}},"type":"binary-expr","locations":[{"start":{"line":82,"column":25},"end":{"line":82,"column":49}},{"start":{"line":82,"column":53},"end":{"line":82,"column":73}}],"line":82},"11":{"loc":{"start":{"line":83,"column":21},"end":{"line":83,"column":62}},"type":"binary-expr","locations":[{"start":{"line":83,"column":21},"end":{"line":83,"column":45}},{"start":{"line":83,"column":49},"end":{"line":83,"column":62}}],"line":83},"12":{"loc":{"start":{"line":85,"column":2},"end":{"line":87,"column":3}},"type":"if","locations":[{"start":{"line":85,"column":2},"end":{"line":87,"column":3}},{"start":{"line":85,"column":2},"end":{"line":87,"column":3}}],"line":85},"13":{"loc":{"start":{"line":85,"column":6},"end":{"line":85,"column":34}},"type":"binary-expr","locations":[{"start":{"line":85,"column":6},"end":{"line":85,"column":20}},{"start":{"line":85,"column":24},"end":{"line":85,"column":34}}],"line":85},"14":{"loc":{"start":{"line":96,"column":4},"end":{"line":98,"column":5}},"type":"if","locations":[{"start":{"line":96,"column":4},"end":{"line":98,"column":5}},{"start":{"line":96,"column":4},"end":{"line":98,"column":5}}],"line":96},"15":{"loc":{"start":{"line":112,"column":4},"end":{"line":114,"column":5}},"type":"if","locations":[{"start":{"line":112,"column":4},"end":{"line":114,"column":5}},{"start":{"line":112,"column":4},"end":{"line":114,"column":5}}],"line":112},"16":{"loc":{"start":{"line":112,"column":8},"end":{"line":112,"column":24}},"type":"binary-expr","locations":[{"start":{"line":112,"column":8},"end":{"line":112,"column":13}},{"start":{"line":112,"column":17},"end":{"line":112,"column":24}}],"line":112},"17":{"loc":{"start":{"line":117,"column":4},"end":{"line":119,"column":5}},"type":"if","locations":[{"start":{"line":117,"column":4},"end":{"line":119,"column":5}},{"start":{"line":117,"column":4},"end":{"line":119,"column":5}}],"line":117},"18":{"loc":{"start":{"line":127,"column":4},"end":{"line":129,"column":5}},"type":"if","locations":[{"start":{"line":127,"column":4},"end":{"line":129,"column":5}},{"start":{"line":127,"column":4},"end":{"line":129,"column":5}}],"line":127},"19":{"loc":{"start":{"line":133,"column":4},"end":{"line":138,"column":5}},"type":"if","locations":[{"start":{"line":133,"column":4},"end":{"line":138,"column":5}},{"start":{"line":133,"column":4},"end":{"line":138,"column":5}}],"line":133},"20":{"loc":{"start":{"line":134,"column":6},"end":{"line":135,"column":44}},"type":"binary-expr","locations":[{"start":{"line":134,"column":6},"end":{"line":134,"column":44}},{"start":{"line":135,"column":6},"end":{"line":135,"column":44}}],"line":134},"21":{"loc":{"start":{"line":150,"column":2},"end":{"line":152,"column":3}},"type":"if","locations":[{"start":{"line":150,"column":2},"end":{"line":152,"column":3}},{"start":{"line":150,"column":2},"end":{"line":152,"column":3}}],"line":150},"22":{"loc":{"start":{"line":154,"column":2},"end":{"line":156,"column":3}},"type":"if","locations":[{"start":{"line":154,"column":2},"end":{"line":156,"column":3}},{"start":{"line":154,"column":2},"end":{"line":156,"column":3}}],"line":154},"23":{"loc":{"start":{"line":168,"column":2},"end":{"line":170,"column":3}},"type":"if","locations":[{"start":{"line":168,"column":2},"end":{"line":170,"column":3}},{"start":{"line":168,"column":2},"end":{"line":170,"column":3}}],"line":168},"24":{"loc":{"start":{"line":168,"column":6},"end":{"line":168,"column":38}},"type":"binary-expr","locations":[{"start":{"line":168,"column":6},"end":{"line":168,"column":20}},{"start":{"line":168,"column":24},"end":{"line":168,"column":38}}],"line":168},"25":{"loc":{"start":{"line":171,"column":2},"end":{"line":173,"column":3}},"type":"if","locations":[{"start":{"line":171,"column":2},"end":{"line":173,"column":3}},{"start":{"line":171,"column":2},"end":{"line":173,"column":3}}],"line":171},"26":{"loc":{"start":{"line":174,"column":2},"end":{"line":176,"column":3}},"type":"if","locations":[{"start":{"line":174,"column":2},"end":{"line":176,"column":3}},{"start":{"line":174,"column":2},"end":{"line":176,"column":3}}],"line":174},"27":{"loc":{"start":{"line":188,"column":2},"end":{"line":190,"column":3}},"type":"if","locations":[{"start":{"line":188,"column":2},"end":{"line":190,"column":3}},{"start":{"line":188,"column":2},"end":{"line":190,"column":3}}],"line":188},"28":{"loc":{"start":{"line":188,"column":6},"end":{"line":188,"column":38}},"type":"binary-expr","locations":[{"start":{"line":188,"column":6},"end":{"line":188,"column":20}},{"start":{"line":188,"column":24},"end":{"line":188,"column":38}}],"line":188},"29":{"loc":{"start":{"line":191,"column":2},"end":{"line":193,"column":3}},"type":"if","locations":[{"start":{"line":191,"column":2},"end":{"line":193,"column":3}},{"start":{"line":191,"column":2},"end":{"line":193,"column":3}}],"line":191},"30":{"loc":{"start":{"line":194,"column":2},"end":{"line":196,"column":3}},"type":"if","locations":[{"start":{"line":194,"column":2},"end":{"line":196,"column":3}},{"start":{"line":194,"column":2},"end":{"line":196,"column":3}}],"line":194}},"s":{"0":2,"1":2,"2":0,"3":0,"4":0,"5":0,"6":2,"7":0,"8":0,"9":0,"10":0,"11":0,"12":0,"13":0,"14":0,"15":0,"16":0,"17":0,"18":2,"19":0,"20":0,"21":0,"22":0,"23":0,"24":0,"25":0,"26":0,"27":2,"28":0,"29":0,"30":0,"31":0,"32":0,"33":0,"34":0,"35":0,"36":0,"37":2,"38":2,"39":2,"40":0,"41":0,"42":0,"43":0,"44":0,"45":0,"46":0,"47":0,"48":0,"49":0,"50":0,"51":0,"52":0,"53":0,"54":0,"55":0,"56":0,"57":0,"58":0,"59":2,"60":0,"61":0,"62":0,"63":0,"64":0,"65":0,"66":2,"67":0,"68":0,"69":0,"70":0,"71":0,"72":0,"73":0,"74":0,"75":0,"76":2,"77":0,"78":0,"79":0,"80":0,"81":0,"82":0,"83":0,"84":0,"85":0,"86":2},"f":{"0":0,"1":0,"2":0,"3":0,"4":2,"5":0,"6":0,"7":0,"8":0,"9":0,"10":0,"11":0},"b":{"0":[0],"1":[0,0],"2":[0,0],"3":[0,0],"4":[0,0],"5":[0,0,0],"6":[0,0],"7":[0,0],"8":[0,0],"9":[0,0],"10":[0,0],"11":[0,0],"12":[0,0],"13":[0,0],"14":[2,0],"15":[0,0],"16":[0,0],"17":[0,0],"18":[0,0],"19":[0,0],"20":[0,0],"21":[0,0],"22":[0,0],"23":[0,0],"24":[0,0],"25":[0,0],"26":[0,0],"27":[0,0],"28":[0,0],"29":[0,0],"30":[0,0]},"_coverageSchema":"1a1c01bbd47fc00a2c39e90264f33305004495a9","hash":"cbd5fb5110dcda5235eca0d7773f3a696d1d0f36"}
}
